<?xml version="1.0" encoding="utf-8"?>
<test id="1-2021" month="1" year="2021" numberOfQuestion="4">
  <question questionNumber="0" numberOfAnswer="10">
    <category>Phần mềm</category>
    <title>Cau 4 - 4</title>
    <answer>
      <option>1</option>
      <option>2</option>
      <option>3</option>
      <option>4</option>
      <option>5</option>
      <option>6</option>
      <option>7</option>
      <option>8</option>
      <option>9</option>
      <option>10</option>
    </answer>
  </question>
  <question questionNumber="1" numberOfAnswer="2">
    <category>Phần mềm</category>
    <title>Cau 5 - 1</title>
    <answer>
      <option>1</option>
      <option>2</option>
    </answer>
  </question>
  <question questionNumber="2" numberOfAnswer="4">
    <category>Phần mềm</category>
    <title>Cau 6 - 2</title>
    <answer>
      <option>1</option>
      <option>2</option>
      <option>3</option>
      <option>4</option>
    </answer>
  </question>
  <question questionNumber="3" numberOfAnswer="12">
    <category>Bảo mật</category>
    <title>Cau 7 - 3</title>
    <answer>
      <option>1</option>
      <option>2</option>
      <option>3</option>
      <option>4</option>
      <option>5</option>
      <option>6</option>
      <option>7</option>
      <option>8</option>
      <option>9</option>
      <option>10</option>
      <option>11</option>
      <option>12</option>
    </answer>
  </question>
</test>