<?xml version="1.0" encoding="utf-8"?>
<test id="4-2020" month="4" year="2020" numberOfQuestion="5">
  <question questionNumber="0" numberOfAnswer="1">
    <category>Phần cứng</category>
    <title>Cau 9 - 1</title>
    <answer>
      <option>1</option>
    </answer>
  </question>
  <question questionNumber="1" numberOfAnswer="4">
    <category>Phần mềm</category>
    <title>Cau 11 - 3</title>
    <answer>
      <option>1</option>
      <option>2</option>
      <option>3</option>
      <option>4</option>
    </answer>
  </question>
  <question questionNumber="2" numberOfAnswer="4">
    <category>Phần mềm</category>
    <title>Cau 6 - 2</title>
    <answer>
      <option>1</option>
      <option>2</option>
      <option>3</option>
      <option>4</option>
    </answer>
  </question>
  <question questionNumber="3" numberOfAnswer="3">
    <category>Phần mềm</category>
    <title>Cau 3 - 3</title>
    <answer>
      <option>1</option>
      <option>2</option>
      <option>3</option>
    </answer>
  </question>
  <question questionNumber="4" numberOfAnswer="4">
    <category>Phần mềm</category>
    <title>Cau 2 - 2</title>
    <answer>
      <option>1</option>
      <option>2</option>
      <option>3</option>
      <option>4</option>
    </answer>
  </question>
</test>