<?xml version="1.0" encoding="utf-8"?>
<test id="3-2021" month="3" year="2021" numberOfQuestion="11">
  <question questionNumber="0" numberOfAnswer="4">
    <category>Phần mềm</category>
    <title>Cau 2 - 2</title>
    <answer>
      <option>1</option>
      <option>2</option>
      <option>3</option>
      <option>4</option>
    </answer>
  </question>
  <question questionNumber="1" numberOfAnswer="4">
    <category>Mạng</category>
    <title>Cau 10 - 2</title>
    <answer>
      <option>1</option>
      <option>2</option>
      <option>3</option>
      <option>4</option>
    </answer>
  </question>
  <question questionNumber="2" numberOfAnswer="5">
    <category>Mạng</category>
    <title>Cau 8 - 4</title>
    <answer>
      <option>1</option>
      <option>2</option>
      <option>3</option>
      <option>4</option>
      <option>5</option>
    </answer>
  </question>
  <question questionNumber="3" numberOfAnswer="5">
    <category>Phần mềm</category>
    <title>Cau 1 - 1</title>
    <answer>
      <option>1</option>
      <option>2</option>
      <option>3</option>
      <option>4</option>
      <option>5</option>
    </answer>
  </question>
  <question questionNumber="4" numberOfAnswer="12">
    <category>Bảo mật</category>
    <title>Cau 7 - 3</title>
    <answer>
      <option>1</option>
      <option>2</option>
      <option>3</option>
      <option>4</option>
      <option>5</option>
      <option>6</option>
      <option>7</option>
      <option>8</option>
      <option>9</option>
      <option>10</option>
      <option>11</option>
      <option>12</option>
    </answer>
  </question>
  <question questionNumber="5" numberOfAnswer="2">
    <category>Phần mềm</category>
    <title>Cau 5 - 1</title>
    <answer>
      <option>1</option>
      <option>2</option>
    </answer>
  </question>
  <question questionNumber="6" numberOfAnswer="4">
    <category>Phần mềm</category>
    <title>Cau 6 - 2</title>
    <answer>
      <option>1</option>
      <option>2</option>
      <option>3</option>
      <option>4</option>
    </answer>
  </question>
  <question questionNumber="7" numberOfAnswer="1">
    <category>Phần cứng</category>
    <title>Cau 9 - 1</title>
    <answer>
      <option>1</option>
    </answer>
  </question>
  <question questionNumber="8" numberOfAnswer="4">
    <category>Phần mềm</category>
    <title>Cau 11 - 3</title>
    <answer>
      <option>1</option>
      <option>2</option>
      <option>3</option>
      <option>4</option>
    </answer>
  </question>
  <question questionNumber="9" numberOfAnswer="10">
    <category>Phần mềm</category>
    <title>Cau 4 - 4</title>
    <answer>
      <option>1</option>
      <option>2</option>
      <option>3</option>
      <option>4</option>
      <option>5</option>
      <option>6</option>
      <option>7</option>
      <option>8</option>
      <option>9</option>
      <option>10</option>
    </answer>
  </question>
  <question questionNumber="10" numberOfAnswer="3">
    <category>Phần mềm</category>
    <title>Cau 3 - 3</title>
    <answer>
      <option>1</option>
      <option>2</option>
      <option>3</option>
    </answer>
  </question>
</test>